  Main.cpp
C:\Users\tomas\Documents\Programing\Visual Studio Projects\C++\RayTracingMain\src\Headers\Loader.h(2,1): warning C4005: 'GLFW_INCLUDE_NONE': macro redefinition
C:\Users\tomas\Documents\Programing\Visual Studio Projects\C++\RayTracingMain\src\Headers\Loader.h(2,1): message : 'GLFW_INCLUDE_NONE' previously declared on the command line
C:\Users\tomas\Documents\Programing\Visual Studio Projects\C++\RayTracingMain\src\Headers\Renderer.h(48,3): warning C4091: 'extern ': ignored on left of 'Renderer::Render' when no variable is declared
  Renderer.cpp
C:\Users\tomas\Documents\Programing\Visual Studio Projects\C++\RayTracingMain\src\Headers\Loader.h(2,1): warning C4005: 'GLFW_INCLUDE_NONE': macro redefinition
C:\Users\tomas\Documents\Programing\Visual Studio Projects\C++\RayTracingMain\src\Headers\Loader.h(2,1): message : 'GLFW_INCLUDE_NONE' previously declared on the command line
C:\Users\tomas\Documents\Programing\Visual Studio Projects\C++\RayTracingMain\src\Headers\Renderer.h(48,3): warning C4091: 'extern ': ignored on left of 'Renderer::Render' when no variable is declared
C:\Users\tomas\Documents\Programing\Visual Studio Projects\C++\RayTracingMain\src\Code\Renderer.cpp(73,25): warning C4244: 'argument': conversion from 'double' to 'float', possible loss of data
  ClearColor.cpp
  ComputeShader.cpp
C:\Users\tomas\Documents\Programing\Visual Studio Projects\C++\RayTracingMain\src\Tests\ComputeShader.cpp(149,43): warning C4244: 'argument': conversion from 'double' to 'GLuint', possible loss of data
C:\Users\tomas\Documents\Programing\Visual Studio Projects\C++\RayTracingMain\src\Tests\ComputeShader.cpp(149,24): warning C4244: 'argument': conversion from 'double' to 'GLuint', possible loss of data
  Mandelbrot.cpp
C:\Users\tomas\Documents\Programing\Visual Studio Projects\C++\RayTracingMain\src\Tests\Mandelbrot.cpp(37,45): warning C4244: 'argument': conversion from 'double' to 'float', possible loss of data
C:\Users\tomas\Documents\Programing\Visual Studio Projects\C++\RayTracingMain\src\Tests\Mandelbrot.cpp(38,47): warning C4244: 'argument': conversion from 'int' to 'float', possible loss of data
C:\Users\tomas\Documents\Programing\Visual Studio Projects\C++\RayTracingMain\src\Tests\Mandelbrot.cpp(38,40): warning C4244: 'argument': conversion from 'int' to 'float', possible loss of data
C:\Users\tomas\Documents\Programing\Visual Studio Projects\C++\RayTracingMain\src\Tests\Mandelbrot.cpp(59,25): warning C4244: '=': conversion from 'double' to 'float', possible loss of data
  RayTrace.cpp
C:\Users\tomas\Documents\Programing\Visual Studio Projects\C++\RayTracingMain\src\Tests\RayTrace.cpp(49,34): warning C4305: '=': truncation from 'double' to 'float'
C:\Users\tomas\Documents\Programing\Visual Studio Projects\C++\RayTracingMain\src\Tests\RayTrace.cpp(56,41): warning C4305: '=': truncation from 'double' to 'float'
C:\Users\tomas\Documents\Programing\Visual Studio Projects\C++\RayTracingMain\src\Tests\RayTrace.cpp(80,24): warning C4244: '=': conversion from 'double' to 'float', possible loss of data
C:\Users\tomas\Documents\Programing\Visual Studio Projects\C++\RayTracingMain\src\Tests\RayTrace.cpp(103,41): warning C4244: 'argument': conversion from 'int' to 'float', possible loss of data
C:\Users\tomas\Documents\Programing\Visual Studio Projects\C++\RayTracingMain\src\Tests\RayTrace.cpp(103,34): warning C4244: 'argument': conversion from 'int' to 'float', possible loss of data
  Squares.cpp
C:\Users\tomas\Documents\Programing\Visual Studio Projects\C++\RayTracingMain\src\Headers\Loader.h(2,1): warning C4005: 'GLFW_INCLUDE_NONE': macro redefinition
C:\Users\tomas\Documents\Programing\Visual Studio Projects\C++\RayTracingMain\src\Headers\Loader.h(2,1): message : 'GLFW_INCLUDE_NONE' previously declared on the command line
C:\Users\tomas\Documents\Programing\Visual Studio Projects\C++\RayTracingMain\src\Tests\Squares.cpp(39,11): warning C4244: 'initializing': conversion from 'int' to 'float', possible loss of data
C:\Users\tomas\Documents\Programing\Visual Studio Projects\C++\RayTracingMain\src\Tests\Squares.cpp(40,11): warning C4244: 'initializing': conversion from 'int' to 'float', possible loss of data
C:\Users\tomas\Documents\Programing\Visual Studio Projects\C++\RayTracingMain\src\Tests\Squares.cpp(107,25): warning C4267: '+=': conversion from 'size_t' to 'int', possible loss of data
  Test.cpp
  Generating Code...
C:\Users\tomas\Documents\Programing\Visual Studio Projects\C++\RayTracingMain\src\Tests\ComputeShader.cpp(133): warning C4715: 'test::ComputeShader::Load': not all control paths return a value
  RayTracingMain.vcxproj -> C:\Users\tomas\Documents\Programing\Visual Studio Projects\C++\RayTracingMain\x64\Debug\RayTracingMain.exe
